I, [2010-02-06T21:59:29.983880 #19719]  INFO -- : STARTED
I, [2010-02-06T21:59:29.994632 #19719]  INFO -- : job[1](./script/runner ./jobs/upgrade_journal_entries.rb 1 tasks 2 7 4 8 1 9 3 10 6 11 5 12) - started
I, [2010-02-06T21:59:32.899935 #19719]  INFO -- : job[1](./script/runner ./jobs/upgrade_journal_entries.rb 1 tasks 2 7 4 8 1 9 3 10 6 11 5 12) - exit_status=0
I, [2010-02-06T21:59:32.903091 #19719]  INFO -- : job[2](./script/runner ./jobs/upgrade_journal_entries.rb 1 stop_reasons 1 7 2 8 5 9 4 10 3 11 6 12) - started
I, [2010-02-06T21:59:35.988064 #19719]  INFO -- : job[2](./script/runner ./jobs/upgrade_journal_entries.rb 1 stop_reasons 1 7 2 8 5 9 4 10 3 11 6 12) - exit_status=0
I, [2010-02-06T22:17:49.211597 #19719]  INFO -- : STOPPED
I, [2010-02-15T21:54:36.284941 #2495]  INFO -- : STARTED
I, [2010-02-15T21:54:36.303458 #2495]  INFO -- : job[1](./script/runner ./jobs/upgrade_journal_entries.rb 1 tasks 2 7 4 8 1 9 3 10 6 11 5 12) - archived
I, [2010-02-15T21:54:36.310260 #2495]  INFO -- : job[2](./script/runner ./jobs/upgrade_journal_entries.rb 1 stop_reasons 1 7 2 8 5 9 4 10 3 11 6 12) - archived
I, [2010-02-15T21:54:36.314452 #2495]  INFO -- : job[3](./script/runner ./jobs/autograde_job.rb 1) - started
I, [2010-02-15T21:54:39.072619 #2495]  INFO -- : job[3](./script/runner ./jobs/autograde_job.rb 1) - exit_status=256
I, [2010-02-15T21:57:02.119974 #2495]  INFO -- : job[4](./script/runner ./jobs/autograde_job.rb 1) - started
I, [2010-02-15T21:57:25.168045 #2495]  INFO -- : job[4](./script/runner ./jobs/autograde_job.rb 1) - exit_status=0
I, [2010-02-15T21:59:01.193572 #2495]  INFO -- : job[5](./script/runner ./jobs/autograde_job.rb 2) - started
I, [2010-02-15T21:59:08.527880 #2495]  INFO -- : job[5](./script/runner ./jobs/autograde_job.rb 2) - exit_status=0
I, [2010-03-20T14:21:00.428272 #1928]  INFO -- : STARTED
I, [2010-03-20T14:21:00.457950 #1928]  INFO -- : job[3](./script/runner ./jobs/autograde_job.rb 1) - archived
I, [2010-03-20T14:21:00.464906 #1928]  INFO -- : job[4](./script/runner ./jobs/autograde_job.rb 1) - archived
I, [2010-03-20T14:21:00.468009 #1928]  INFO -- : job[5](./script/runner ./jobs/autograde_job.rb 2) - archived
I, [2010-03-20T14:21:00.471667 #1928]  INFO -- : job[6](./script/runner ./jobs/autograde_job.rb 3) - archived
I, [2010-03-20T14:21:00.474846 #1928]  INFO -- : job[7](./script/runner ./jobs/autograde_job.rb 4) - archived
I, [2010-03-20T14:21:00.477780 #1928]  INFO -- : job[8](./script/runner ./jobs/autograde_job.rb 5) - archived
I, [2010-03-20T14:21:00.480763 #1928]  INFO -- : job[9](./script/runner ./jobs/autograde_job.rb 6) - archived
I, [2010-03-20T14:21:00.483699 #1928]  INFO -- : job[10](./script/runner ./jobs/autograde_job.rb 7) - archived
I, [2010-03-20T14:21:00.489351 #1928]  INFO -- : job[11](./script/runner ./jobs/upgrade_grade_categories.rb 1 categories 5 12 3 13 4 14 8 15 1 16 11 17 6 18 7 19 2 20 9 21 10 22) - started
I, [2010-03-20T14:21:03.246610 #1928]  INFO -- : job[11](./script/runner ./jobs/upgrade_grade_categories.rb 1 categories 5 12 3 13 4 14 8 15 1 16 11 17 6 18 7 19 2 20 9 21 10 22) - exit_status=256
I, [2010-03-20T14:21:29.255151 #1928]  INFO -- : job[12](./script/runner ./jobs/upgrade_grade_categories.rb 1 categories 5 23 3 24 4 25 8 26 1 27 11 28 6 29 7 30 2 31 9 32 10 33) - started
I, [2010-03-20T14:21:31.364724 #1928]  INFO -- : job[12](./script/runner ./jobs/upgrade_grade_categories.rb 1 categories 5 23 3 24 4 25 8 26 1 27 11 28 6 29 7 30 2 31 9 32 10 33) - exit_status=256
