I, [2009-08-07T20:04:23.379162 #1611]  INFO -- : STARTED
I, [2009-08-07T20:04:23.400560 #1611]  INFO -- : job[1](./jobs/test_job.rb 10) - started
I, [2009-08-07T20:04:23.585053 #1611]  INFO -- : job[1](./jobs/test_job.rb 10) - exit_status=10752
I, [2009-08-07T20:04:51.597826 #1611]  INFO -- : job[2](./jobs/test_job.rb 10) - started
I, [2009-08-07T20:04:51.703049 #1611]  INFO -- : job[2](./jobs/test_job.rb 10) - exit_status=10752
I, [2009-08-07T20:06:03.763942 #1611]  INFO -- : job[3](./jobs/test_job.rb 127) - started
I, [2009-08-07T20:06:03.857069 #1611]  INFO -- : job[3](./jobs/test_job.rb 127) - exit_status=10752
I, [2009-08-07T20:27:42.241158 #1611]  INFO -- : job[4](./jobs/autograde_job.rb 134) - started
I, [2009-08-07T20:27:42.318028 #1611]  INFO -- : job[4](./jobs/autograde_job.rb 134) - exit_status=10752
I, [2009-08-07T20:31:31.300455 #1611]  INFO -- : STOPPED
I, [2009-08-07T20:33:13.494072 #1764]  INFO -- : STARTED
I, [2009-08-07T20:33:13.514988 #1764]  INFO -- : job[5](./script/runner ./jobs/autograde_job.rb 134) - started
I, [2009-08-07T20:33:39.062408 #1764]  INFO -- : job[5](./script/runner ./jobs/autograde_job.rb 134) - exit_status=0
I, [2009-08-07T20:35:02.147034 #1764]  INFO -- : job[6](./script/runner ./jobs/autograde_job.rb 135) - started
I, [2009-08-07T20:35:03.130256 #1764]  INFO -- : job[6](./script/runner ./jobs/autograde_job.rb 135) - exit_status=2
I, [2009-08-07T20:35:04.491788 #1764]  INFO -- : STOPPED
I, [2009-08-07T20:39:13.295115 #1808]  INFO -- : STARTED
I, [2009-08-07T20:39:13.314008 #1808]  INFO -- : job[7](./script/runner ./jobs/autograde_job.rb 135) - started
I, [2009-08-07T20:39:23.141547 #1808]  INFO -- : job[7](./script/runner ./jobs/autograde_job.rb 135) - exit_status=0
I, [2009-08-07T20:39:50.423219 #1808]  INFO -- : STOPPED
I, [2009-08-09T16:25:17.855416 #4558]  INFO -- : STARTED
I, [2009-08-09T16:25:17.877353 #4558]  INFO -- : job[7](./script/runner ./jobs/autograde_job.rb 135) - archived
I, [2009-08-09T16:25:17.970885 #4558]  INFO -- : job[8](./script/runner ./jobs/upgrade_journal_entries.rb 21 tasks 2 52) - started
I, [2009-08-09T16:25:24.034549 #4558]  INFO -- : job[8](./script/runner ./jobs/upgrade_journal_entries.rb 21 tasks 2 52) - exit_status=256
I, [2009-08-09T16:25:24.054439 #4558]  INFO -- : job[9](./script/runner ./jobs/upgrade_journal_entries.rb 21 tasks 2 52 4 53) - started
I, [2009-08-09T16:25:29.303948 #4558]  INFO -- : job[9](./script/runner ./jobs/upgrade_journal_entries.rb 21 tasks 2 52 4 53) - exit_status=256
I, [2009-08-09T16:25:29.308022 #4558]  INFO -- : job[10](./script/runner ./jobs/upgrade_journal_entries.rb 21 tasks 2 52 4 53 1 54) - started
I, [2009-08-09T16:25:34.533612 #4558]  INFO -- : job[10](./script/runner ./jobs/upgrade_journal_entries.rb 21 tasks 2 52 4 53 1 54) - exit_status=256
I, [2009-08-09T16:25:34.537077 #4558]  INFO -- : job[11](./script/runner ./jobs/upgrade_journal_entries.rb 21 tasks 2 52 4 53 1 54 3 55) - started
I, [2009-08-09T16:25:39.783333 #4558]  INFO -- : job[11](./script/runner ./jobs/upgrade_journal_entries.rb 21 tasks 2 52 4 53 1 54 3 55) - exit_status=256
I, [2009-08-09T16:25:39.801269 #4558]  INFO -- : job[12](./script/runner ./jobs/upgrade_journal_entries.rb 21 tasks 2 52 4 53 1 54 3 55 6 56) - started
I, [2009-08-09T16:25:45.054463 #4558]  INFO -- : job[12](./script/runner ./jobs/upgrade_journal_entries.rb 21 tasks 2 52 4 53 1 54 3 55 6 56) - exit_status=256
I, [2009-08-09T16:25:45.058408 #4558]  INFO -- : job[13](./script/runner ./jobs/upgrade_journal_entries.rb 21 tasks 2 52 4 53 1 54 3 55 6 56 5 57) - started
I, [2009-08-09T16:25:50.394674 #4558]  INFO -- : job[13](./script/runner ./jobs/upgrade_journal_entries.rb 21 tasks 2 52 4 53 1 54 3 55 6 56 5 57) - exit_status=256
I, [2009-08-09T16:25:50.399032 #4558]  INFO -- : job[14](./script/runner ./jobs/upgrade_journal_entries.rb 21 stop_reasons 1 29) - started
I, [2009-08-09T16:25:55.737191 #4558]  INFO -- : job[14](./script/runner ./jobs/upgrade_journal_entries.rb 21 stop_reasons 1 29) - exit_status=256
I, [2009-08-09T16:25:55.740238 #4558]  INFO -- : job[15](./script/runner ./jobs/upgrade_journal_entries.rb 21 stop_reasons 1 29 2 30) - started
I, [2009-08-09T16:26:01.046046 #4558]  INFO -- : job[15](./script/runner ./jobs/upgrade_journal_entries.rb 21 stop_reasons 1 29 2 30) - exit_status=256
I, [2009-08-09T16:26:01.049284 #4558]  INFO -- : job[16](./script/runner ./jobs/upgrade_journal_entries.rb 21 stop_reasons 1 29 2 30 5 31) - started
I, [2009-08-09T16:26:06.374167 #4558]  INFO -- : job[16](./script/runner ./jobs/upgrade_journal_entries.rb 21 stop_reasons 1 29 2 30 5 31) - exit_status=256
I, [2009-08-09T16:26:06.377752 #4558]  INFO -- : job[17](./script/runner ./jobs/upgrade_journal_entries.rb 21 stop_reasons 1 29 2 30 5 31 4 32) - started
I, [2009-08-09T16:26:11.817072 #4558]  INFO -- : job[17](./script/runner ./jobs/upgrade_journal_entries.rb 21 stop_reasons 1 29 2 30 5 31 4 32) - exit_status=256
I, [2009-08-09T16:26:11.820381 #4558]  INFO -- : job[18](./script/runner ./jobs/upgrade_journal_entries.rb 21 stop_reasons 1 29 2 30 5 31 4 32 3 33) - started
I, [2009-08-09T16:26:17.167995 #4558]  INFO -- : job[18](./script/runner ./jobs/upgrade_journal_entries.rb 21 stop_reasons 1 29 2 30 5 31 4 32 3 33) - exit_status=256
I, [2009-08-09T16:26:17.171182 #4558]  INFO -- : job[19](./script/runner ./jobs/upgrade_journal_entries.rb 21 stop_reasons 1 29 2 30 5 31 4 32 3 33 6 34) - started
I, [2009-08-09T16:26:22.503857 #4558]  INFO -- : job[19](./script/runner ./jobs/upgrade_journal_entries.rb 21 stop_reasons 1 29 2 30 5 31 4 32 3 33 6 34) - exit_status=256
I, [2009-08-09T16:31:49.629338 #4558]  INFO -- : job[20](./script/runner ./jobs/upgrade_journal_entries.rb 21 tasks 2 58 4 59 1 60 3 61 6 62 5 63) - started
I, [2009-08-09T16:31:55.516133 #4558]  INFO -- : job[20](./script/runner ./jobs/upgrade_journal_entries.rb 21 tasks 2 58 4 59 1 60 3 61 6 62 5 63) - exit_status=256
I, [2009-08-09T16:31:55.519300 #4558]  INFO -- : job[21](./script/runner ./jobs/upgrade_journal_entries.rb 21 stop_reasons 1 35 2 36 5 37 4 38 3 39 6 40) - started
I, [2009-08-09T16:32:01.032864 #4558]  INFO -- : job[21](./script/runner ./jobs/upgrade_journal_entries.rb 21 stop_reasons 1 35 2 36 5 37 4 38 3 39 6 40) - exit_status=256
I, [2009-08-09T16:33:52.089579 #4558]  INFO -- : job[22](./script/runner ./jobs/upgrade_journal_entries.rb 21 tasks 2 64 4 65 1 66 3 67 6 68 5 69) - started
I, [2009-08-09T16:33:57.877541 #4558]  INFO -- : job[22](./script/runner ./jobs/upgrade_journal_entries.rb 21 tasks 2 64 4 65 1 66 3 67 6 68 5 69) - exit_status=256
I, [2009-08-09T16:33:57.880915 #4558]  INFO -- : job[23](./script/runner ./jobs/upgrade_journal_entries.rb 21 stop_reasons 1 41 2 42 5 43 4 44 3 45 6 46) - started
I, [2009-08-09T16:34:03.440990 #4558]  INFO -- : job[23](./script/runner ./jobs/upgrade_journal_entries.rb 21 stop_reasons 1 41 2 42 5 43 4 44 3 45 6 46) - exit_status=256
I, [2009-08-09T16:35:45.474326 #4558]  INFO -- : job[24](./script/runner ./jobs/upgrade_journal_entries.rb 21 tasks 2 70 4 71 1 72 3 73 6 74 5 75) - started
I, [2009-08-09T16:35:51.282351 #4558]  INFO -- : job[24](./script/runner ./jobs/upgrade_journal_entries.rb 21 tasks 2 70 4 71 1 72 3 73 6 74 5 75) - exit_status=256
I, [2009-08-09T16:35:51.285755 #4558]  INFO -- : job[25](./script/runner ./jobs/upgrade_journal_entries.rb 21 stop_reasons 1 47 2 48 5 49 4 50 3 51 6 52) - started
I, [2009-08-09T16:35:57.026192 #4558]  INFO -- : job[25](./script/runner ./jobs/upgrade_journal_entries.rb 21 stop_reasons 1 47 2 48 5 49 4 50 3 51 6 52) - exit_status=256
I, [2009-08-09T16:36:00.858772 #4558]  INFO -- : STOPPED
I, [2009-08-09T16:36:30.440250 #4695]  INFO -- : STARTED
I, [2009-08-09T16:36:30.461098 #4695]  INFO -- : job[26](./script/runner ./jobs/upgrade_journal_entries.rb 21 tasks 2 76 4 77 1 78 3 79 6 80 5 81) - started
I, [2009-08-09T16:36:36.950846 #4695]  INFO -- : job[26](./script/runner ./jobs/upgrade_journal_entries.rb 21 tasks 2 76 4 77 1 78 3 79 6 80 5 81) - exit_status=256
I, [2009-08-09T16:36:36.990155 #4695]  INFO -- : job[27](./script/runner ./jobs/upgrade_journal_entries.rb 21 stop_reasons 1 53 2 54 5 55 4 56 3 57 6 58) - started
I, [2009-08-09T16:36:42.831863 #4695]  INFO -- : job[27](./script/runner ./jobs/upgrade_journal_entries.rb 21 stop_reasons 1 53 2 54 5 55 4 56 3 57 6 58) - exit_status=256
I, [2009-08-09T16:37:41.155229 #4695]  INFO -- : STOPPED
I, [2009-08-09T16:37:54.101772 #4713]  INFO -- : STARTED
I, [2009-08-09T16:37:54.119488 #4713]  INFO -- : job[28](./script/runner ./jobs/upgrade_journal_entries.rb 21 tasks 2 82 4 83 1 84 3 85 6 86 5 87) - started
I, [2009-08-09T16:37:59.617778 #4713]  INFO -- : job[28](./script/runner ./jobs/upgrade_journal_entries.rb 21 tasks 2 82 4 83 1 84 3 85 6 86 5 87) - exit_status=256
I, [2009-08-09T16:37:59.634205 #4713]  INFO -- : job[29](./script/runner ./jobs/upgrade_journal_entries.rb 21 stop_reasons 1 59 2 60 5 61 4 62 3 63 6 64) - started
I, [2009-08-09T16:38:05.274846 #4713]  INFO -- : job[29](./script/runner ./jobs/upgrade_journal_entries.rb 21 stop_reasons 1 59 2 60 5 61 4 62 3 63 6 64) - exit_status=256
I, [2009-08-09T16:38:53.296458 #4713]  INFO -- : job[30](./script/runner ./jobs/upgrade_journal_entries.rb 21 tasks 2 88 4 89 1 90 3 91 6 92 5 93) - started
I, [2009-08-09T16:38:59.218900 #4713]  INFO -- : job[30](./script/runner ./jobs/upgrade_journal_entries.rb 21 tasks 2 88 4 89 1 90 3 91 6 92 5 93) - exit_status=256
I, [2009-08-09T16:38:59.221981 #4713]  INFO -- : job[31](./script/runner ./jobs/upgrade_journal_entries.rb 21 stop_reasons 1 65 2 66 5 67 4 68 3 69 6 70) - started
I, [2009-08-09T16:39:04.890310 #4713]  INFO -- : job[31](./script/runner ./jobs/upgrade_journal_entries.rb 21 stop_reasons 1 65 2 66 5 67 4 68 3 69 6 70) - exit_status=256
I, [2009-08-09T16:43:57.982366 #4713]  INFO -- : job[32](./script/runner ./jobs/upgrade_journal_entries.rb 21 tasks 2 94 4 95 1 96 3 97 6 98 5 99) - started
I, [2009-08-09T16:44:04.041616 #4713]  INFO -- : job[32](./script/runner ./jobs/upgrade_journal_entries.rb 21 tasks 2 94 4 95 1 96 3 97 6 98 5 99) - exit_status=256
I, [2009-08-09T16:44:04.070532 #4713]  INFO -- : job[33](./script/runner ./jobs/upgrade_journal_entries.rb 21 stop_reasons 1 71 2 72 5 73 4 74 3 75 6 76) - started
I, [2009-08-09T16:44:09.991426 #4713]  INFO -- : job[33](./script/runner ./jobs/upgrade_journal_entries.rb 21 stop_reasons 1 71 2 72 5 73 4 74 3 75 6 76) - exit_status=256
I, [2009-08-09T16:47:22.051053 #4713]  INFO -- : job[34](./script/runner ./jobs/upgrade_journal_entries.rb 21 tasks 2 100 4 101 1 102 3 103 6 104 5 105) - started
I, [2009-08-09T16:47:27.550921 #4713]  INFO -- : job[34](./script/runner ./jobs/upgrade_journal_entries.rb 21 tasks 2 100 4 101 1 102 3 103 6 104 5 105) - exit_status=256
I, [2009-08-09T16:47:27.553686 #4713]  INFO -- : job[35](./script/runner ./jobs/upgrade_journal_entries.rb 21 stop_reasons 1 77 2 78 5 79 4 80 3 81 6 82) - started
I, [2009-08-09T16:47:33.454923 #4713]  INFO -- : job[35](./script/runner ./jobs/upgrade_journal_entries.rb 21 stop_reasons 1 77 2 78 5 79 4 80 3 81 6 82) - exit_status=256
I, [2009-08-09T16:48:24.499351 #4713]  INFO -- : job[36](./script/runner ./jobs/upgrade_journal_entries.rb 21 tasks 2 106 4 107 1 108 3 109 6 110 5 111) - started
I, [2009-08-09T16:48:30.225895 #4713]  INFO -- : job[36](./script/runner ./jobs/upgrade_journal_entries.rb 21 tasks 2 106 4 107 1 108 3 109 6 110 5 111) - exit_status=256
I, [2009-08-09T16:48:30.228741 #4713]  INFO -- : job[37](./script/runner ./jobs/upgrade_journal_entries.rb 21 stop_reasons 1 83 2 84 5 85 4 86 3 87 6 88) - started
I, [2009-08-09T16:48:35.904575 #4713]  INFO -- : job[37](./script/runner ./jobs/upgrade_journal_entries.rb 21 stop_reasons 1 83 2 84 5 85 4 86 3 87 6 88) - exit_status=256
I, [2009-08-09T16:51:23.957939 #4713]  INFO -- : job[38](./script/runner ./jobs/upgrade_journal_entries.rb 21 tasks 2 112 4 113 1 114 3 115 6 116 5 117) - started
I, [2009-08-09T16:51:32.268961 #4713]  INFO -- : job[38](./script/runner ./jobs/upgrade_journal_entries.rb 21 tasks 2 112 4 113 1 114 3 115 6 116 5 117) - exit_status=0
I, [2009-08-09T16:51:32.272552 #4713]  INFO -- : job[39](./script/runner ./jobs/upgrade_journal_entries.rb 21 stop_reasons 1 89 2 90 5 91 4 92 3 93 6 94) - started
I, [2009-08-09T16:51:38.619857 #4713]  INFO -- : job[39](./script/runner ./jobs/upgrade_journal_entries.rb 21 stop_reasons 1 89 2 90 5 91 4 92 3 93 6 94) - exit_status=0
I, [2009-08-09T16:52:17.102777 #4713]  INFO -- : STOPPED
I, [2009-08-28T18:55:34.129023 #1953]  INFO -- : STARTED
I, [2009-08-28T18:55:34.205453 #1953]  INFO -- : job[38](./script/runner ./jobs/upgrade_journal_entries.rb 21 tasks 2 112 4 113 1 114 3 115 6 116 5 117) - archived
I, [2009-08-28T18:55:34.223808 #1953]  INFO -- : job[39](./script/runner ./jobs/upgrade_journal_entries.rb 21 stop_reasons 1 89 2 90 5 91 4 92 3 93 6 94) - archived
I, [2009-08-28T18:55:34.236202 #1953]  INFO -- : job[40](./script/runner ./jobs/autograde_job.rb 136) - started
I, [2009-08-28T18:55:38.185879 #1953]  INFO -- : job[40](./script/runner ./jobs/autograde_job.rb 136) - exit_status=256
I, [2009-08-28T18:59:05.250135 #1953]  INFO -- : job[41](./script/runner ./jobs/autograde_job.rb 137) - started
I, [2009-08-28T18:59:09.289152 #1953]  INFO -- : job[41](./script/runner ./jobs/autograde_job.rb 137) - exit_status=256
I, [2009-08-28T18:59:44.315106 #1953]  INFO -- : job[42](./script/runner ./jobs/autograde_job.rb 137) - started
I, [2009-08-28T18:59:48.233572 #1953]  INFO -- : job[42](./script/runner ./jobs/autograde_job.rb 137) - exit_status=256
I, [2009-08-28T19:02:07.060080 #1953]  INFO -- : SIGTERM
I, [2009-08-28T19:03:39.047018 #2005]  INFO -- : STARTED
I, [2009-08-28T19:03:39.092899 #2005]  INFO -- : job[43](./script/runner ./jobs/autograde_job.rb 138) - started
I, [2009-08-28T19:03:44.836951 #2005]  INFO -- : job[43](./script/runner ./jobs/autograde_job.rb 138) - exit_status=0
I, [2009-08-28T19:05:32.947491 #2005]  INFO -- : SIGTERM
I, [2009-08-28T19:05:32.947882 #2005]  INFO -- : STOPPED
I, [2009-08-28T19:05:51.181533 #2018]  INFO -- : STARTED
I, [2009-08-28T19:05:51.228140 #2018]  INFO -- : job[44](./script/runner ./jobs/autograde_job.rb 139) - started
I, [2009-08-28T19:05:55.541092 #2018]  INFO -- : job[44](./script/runner ./jobs/autograde_job.rb 139) - exit_status=256
I, [2009-08-28T19:07:30.398420 #2018]  INFO -- : SIGTERM
I, [2009-08-28T19:07:30.400786 #2018]  INFO -- : STOPPED
I, [2009-08-28T19:07:50.556930 #2026]  INFO -- : STARTED
I, [2009-08-28T19:07:50.607717 #2026]  INFO -- : job[45](./script/runner ./jobs/autograde_job.rb 139) - started
I, [2009-08-28T19:08:15.538768 #2026]  INFO -- : job[45](./script/runner ./jobs/autograde_job.rb 139) - exit_status=0
I, [2009-08-28T19:18:52.685786 #2026]  INFO -- : SIGTERM
I, [2009-08-28T19:18:52.686294 #2026]  INFO -- : STOPPED
I, [2009-08-28T19:23:43.991426 #2106]  INFO -- : STARTED
I, [2009-08-28T19:23:44.037737 #2106]  INFO -- : job[46](./script/runner ./jobs/autograde_job.rb 140) - started
I, [2009-08-28T19:23:57.887992 #2106]  INFO -- : job[46](./script/runner ./jobs/autograde_job.rb 140) - exit_status=0
I, [2009-08-28T21:23:04.994523 #2106]  INFO -- : STOPPED
I, [2009-08-28T21:23:05.006285 #2106]  INFO -- : SIGTERM
I, [2009-09-03T20:22:43.067310 #8530]  INFO -- : STARTED
I, [2009-09-03T20:22:43.138325 #8530]  INFO -- : job[46](./script/runner ./jobs/autograde_job.rb 140) - archived
I, [2009-09-03T20:22:43.182982 #8530]  INFO -- : job[47](./script/runner ./jobs/autograde_job.rb 141) - started
I, [2009-09-03T20:23:00.133200 #8530]  INFO -- : job[47](./script/runner ./jobs/autograde_job.rb 141) - exit_status=0
I, [2009-09-03T20:48:55.770346 #8530]  INFO -- : job[48](./script/runner ./jobs/autograde_job.rb 142) - started
I, [2009-09-03T20:49:12.971369 #8530]  INFO -- : job[48](./script/runner ./jobs/autograde_job.rb 142) - exit_status=0
I, [2009-09-03T22:21:28.479099 #8530]  INFO -- : SIGTERM
I, [2009-09-03T22:21:28.500499 #8530]  INFO -- : STOPPED
I, [2009-09-03T23:42:10.013036 #9514]  INFO -- : STARTED
I, [2009-09-03T23:42:10.105714 #9514]  INFO -- : job[49](./script/runner ./jobs/upgrade_journal_entries.rb 23 tasks 2 118 4 119 1 120 3 121 6 122 5 123) - started
I, [2009-09-03T23:42:16.044374 #9514]  INFO -- : job[49](./script/runner ./jobs/upgrade_journal_entries.rb 23 tasks 2 118 4 119 1 120 3 121 6 122 5 123) - exit_status=0
I, [2009-09-03T23:42:16.048666 #9514]  INFO -- : job[50](./script/runner ./jobs/upgrade_journal_entries.rb 23 stop_reasons 1 95 2 96 5 97 4 98 3 99 6 100) - started
I, [2009-09-03T23:42:21.174799 #9514]  INFO -- : job[50](./script/runner ./jobs/upgrade_journal_entries.rb 23 stop_reasons 1 95 2 96 5 97 4 98 3 99 6 100) - exit_status=0
I, [2009-09-04T23:55:05.452193 #9514]  INFO -- : job[47](./script/runner ./jobs/autograde_job.rb 141) - archived
I, [2009-09-04T23:55:05.486924 #9514]  INFO -- : job[48](./script/runner ./jobs/autograde_job.rb 142) - archived
I, [2009-09-04T23:55:05.499625 #9514]  INFO -- : job[49](./script/runner ./jobs/upgrade_journal_entries.rb 23 tasks 2 118 4 119 1 120 3 121 6 122 5 123) - archived
I, [2009-09-04T23:55:05.510247 #9514]  INFO -- : job[50](./script/runner ./jobs/upgrade_journal_entries.rb 23 stop_reasons 1 95 2 96 5 97 4 98 3 99 6 100) - archived
I, [2009-09-06T09:11:54.388104 #9514]  INFO -- : job[51](./script/runner ./jobs/autograde_job.rb 143) - started
I, [2009-09-06T09:12:14.610790 #9514]  INFO -- : job[51](./script/runner ./jobs/autograde_job.rb 143) - exit_status=0
I, [2009-09-06T20:35:22.430049 #9514]  INFO -- : job[52](./script/runner ./jobs/autograde_job.rb 144) - started
I, [2009-09-06T20:35:36.711887 #9514]  INFO -- : job[52](./script/runner ./jobs/autograde_job.rb 144) - exit_status=0
I, [2009-09-06T20:36:14.750541 #9514]  INFO -- : job[53](./script/runner ./jobs/autograde_job.rb 145) - started
I, [2009-09-06T20:36:23.385376 #9514]  INFO -- : job[53](./script/runner ./jobs/autograde_job.rb 145) - exit_status=0
I, [2009-09-06T20:42:33.552581 #9514]  INFO -- : job[54](./script/runner ./jobs/autograde_job.rb 146) - started
I, [2009-09-06T20:42:43.233849 #9514]  INFO -- : job[54](./script/runner ./jobs/autograde_job.rb 146) - exit_status=0
I, [2009-09-06T22:02:14.729436 #9514]  INFO -- : SIGTERM
E, [2009-09-06T22:02:14.779630 #9514] ERROR -- : exit (SystemExit)
/Users/mhelmick/src/rails/CascadeLMS/script/bj:408:in `exit'
/Users/mhelmick/src/rails/CascadeLMS/script/bj:408:in `run'
/Users/mhelmick/src/rails/CascadeLMS/vendor/plugins/bj/lib/bj/runner.rb:279:in `call'
/Users/mhelmick/src/rails/CascadeLMS/vendor/plugins/bj/lib/bj/runner.rb:279:in `install_signal_handlers'
/Users/mhelmick/src/rails/CascadeLMS/vendor/plugins/bj/lib/bj/runner.rb:263:in `call'
/Users/mhelmick/src/rails/CascadeLMS/vendor/plugins/bj/lib/bj/runner.rb:263:in `install_signal_handlers'
/Users/mhelmick/src/rails/CascadeLMS/vendor/plugins/bj/lib/bj/runner.rb:237:in `call'
/Users/mhelmick/src/rails/CascadeLMS/vendor/plugins/bj/lib/bj/runner.rb:237:in `sleep'
/Users/mhelmick/src/rails/CascadeLMS/vendor/plugins/bj/lib/bj/runner.rb:237:in `run'
/Users/mhelmick/src/rails/CascadeLMS/vendor/plugins/bj/lib/bj/runner.rb:234:in `times'
/Users/mhelmick/src/rails/CascadeLMS/vendor/plugins/bj/lib/bj/runner.rb:234:in `run'
/Users/mhelmick/src/rails/CascadeLMS/vendor/plugins/bj/lib/bj/runner.rb:173:in `loop'
/Users/mhelmick/src/rails/CascadeLMS/vendor/plugins/bj/lib/bj/runner.rb:173:in `run'
/Users/mhelmick/src/rails/CascadeLMS/vendor/plugins/bj/lib/bj/runner.rb:139:in `run'
/Users/mhelmick/src/rails/CascadeLMS/vendor/plugins/bj/lib/bj/api.rb:101:in `run'
/Users/mhelmick/src/rails/CascadeLMS/script/bj:414:in `run'
/Users/mhelmick/src/rails/CascadeLMS/vendor/plugins/bj/lib/main/base.rb:25:in `call'
/Users/mhelmick/src/rails/CascadeLMS/vendor/plugins/bj/lib/main/base.rb:25:in `run'
/Users/mhelmick/src/rails/CascadeLMS/vendor/plugins/bj/lib/main/base.rb:13:in `catch'
/Users/mhelmick/src/rails/CascadeLMS/vendor/plugins/bj/lib/main/base.rb:13:in `run'
/Users/mhelmick/src/rails/CascadeLMS/vendor/plugins/bj/lib/main/base.rb:436:in `mode_run!'
/Users/mhelmick/src/rails/CascadeLMS/vendor/plugins/bj/lib/main/base.rb:10:in `run'
/Users/mhelmick/src/rails/CascadeLMS/vendor/plugins/bj/lib/main/factories.rb:11:in `run'
/Users/mhelmick/src/rails/CascadeLMS/vendor/plugins/bj/lib/main/factories.rb:16:in `Main'
/Users/mhelmick/src/rails/CascadeLMS/script/bj:6
